###key ppcls^configs^Cartoonface^ResNet50_icartoon
###key ppcls^configs^ppcls^configs^DeepHash^DCH
###key ppcls^configs^ppcls^configs^DeepHash^DSHSD
###key ppcls^configs^ppcls^configs^DeepHash^LCDSH
###key ppcls^configs^ppcls^configs^GeneralRecognitionV2^GeneralRecognitionV2_PPLCNetV2_base
###key ppcls^configs^ppcls^configs^GeneralRecognition^GeneralRecognition_PPLCNet_x2_5
###key ppcls^configs^ppcls^configs^GeneralRecognition^GeneralRecognition_PPLCNet_x2_5_binary
###key ppcls^configs^ppcls^configs^GeneralRecognition^GeneralRecognition_PPLCNet_x2_5_dml
###key ppcls^configs^ppcls^configs^GeneralRecognition^GeneralRecognition_PPLCNet_x2_5_udml
###key ppcls^configs^ppcls^configs^ImageNet^AlexNet^AlexNet
###key ppcls^configs^ppcls^configs^ImageNet^CSPNet^CSPDarkNet53
###key ppcls^configs^ppcls^configs^ImageNet^CSWinTransformer^CSWinTransformer_base_224
###key ppcls^configs^ppcls^configs^ImageNet^CSWinTransformer^CSWinTransformer_base_384
###key ppcls^configs^ppcls^configs^ImageNet^CSWinTransformer^CSWinTransformer_large_224
###key ppcls^configs^ppcls^configs^ImageNet^CSWinTransformer^CSWinTransformer_large_384
###key ppcls^configs^ppcls^configs^ImageNet^CSWinTransformer^CSWinTransformer_small_224
###key ppcls^configs^ppcls^configs^ImageNet^CSWinTransformer^CSWinTransformer_tiny_224
###key ppcls^configs^ppcls^configs^ImageNet^DLA^DLA102
###key ppcls^configs^ppcls^configs^ImageNet^DLA^DLA102x
###key ppcls^configs^ppcls^configs^ImageNet^DLA^DLA102x2
###key ppcls^configs^ppcls^configs^ImageNet^DLA^DLA169
###key ppcls^configs^ppcls^configs^ImageNet^DLA^DLA34
###key ppcls^configs^ppcls^configs^ImageNet^DLA^DLA46_c
###key ppcls^configs^ppcls^configs^ImageNet^DLA^DLA46x_c
###key ppcls^configs^ppcls^configs^ImageNet^DLA^DLA60
###key ppcls^configs^ppcls^configs^ImageNet^DLA^DLA60x
###key ppcls^configs^ppcls^configs^ImageNet^DLA^DLA60x_c
###key ppcls^configs^ppcls^configs^ImageNet^DPN^DPN107
###key ppcls^configs^ppcls^configs^ImageNet^DPN^DPN131
###key ppcls^configs^ppcls^configs^ImageNet^DPN^DPN68
###key ppcls^configs^ppcls^configs^ImageNet^DPN^DPN92
###key ppcls^configs^ppcls^configs^ImageNet^DPN^DPN98
###key ppcls^configs^ppcls^configs^ImageNet^DarkNet^DarkNet53
###key ppcls^configs^ppcls^configs^ImageNet^DataAugment^ResNet50_AutoAugment
###key ppcls^configs^ppcls^configs^ImageNet^DataAugment^ResNet50_Baseline
###key ppcls^configs^ppcls^configs^ImageNet^DataAugment^ResNet50_Cutmix
###key ppcls^configs^ppcls^configs^ImageNet^DataAugment^ResNet50_Cutout
###key ppcls^configs^ppcls^configs^ImageNet^DataAugment^ResNet50_GridMask
###key ppcls^configs^ppcls^configs^ImageNet^DataAugment^ResNet50_HideAndSeek
###key ppcls^configs^ppcls^configs^ImageNet^DataAugment^ResNet50_Mixup
###key ppcls^configs^ppcls^configs^ImageNet^DataAugment^ResNet50_RandAugment
###key ppcls^configs^ppcls^configs^ImageNet^DataAugment^ResNet50_RandomErasing
###key ppcls^configs^ppcls^configs^ImageNet^DeiT^DeiT_small_distilled_patch16_224
###key ppcls^configs^ppcls^configs^ImageNet^DeiT^DeiT_small_patch16_224
###key ppcls^configs^ppcls^configs^ImageNet^DeiT^DeiT_tiny_distilled_patch16_224
###key ppcls^configs^ppcls^configs^ImageNet^DeiT^DeiT_tiny_patch16_224
###key ppcls^configs^ppcls^configs^ImageNet^DenseNet^DenseNet121
###key ppcls^configs^ppcls^configs^ImageNet^DenseNet^DenseNet161
###key ppcls^configs^ppcls^configs^ImageNet^DenseNet^DenseNet169
###key ppcls^configs^ppcls^configs^ImageNet^DenseNet^DenseNet201
###key ppcls^configs^ppcls^configs^ImageNet^DenseNet^DenseNet264
###key ppcls^configs^ppcls^configs^ImageNet^Distillation^PPLCNet_x2_5_dml
###key ppcls^configs^ppcls^configs^ImageNet^Distillation^PPLCNet_x2_5_ssld
###key ppcls^configs^ppcls^configs^ImageNet^Distillation^PPLCNet_x2_5_udml
###key ppcls^configs^ppcls^configs^ImageNet^Distillation^mv3_large_x1_0_distill_mv3_small_x1_0
###key ppcls^configs^ppcls^configs^ImageNet^Distillation^res2net200_vd_distill_pphgnet_base
###key ppcls^configs^ppcls^configs^ImageNet^Distillation^resnet34_distill_resnet18_afd
###key ppcls^configs^ppcls^configs^ImageNet^Distillation^resnet34_distill_resnet18_dist
###key ppcls^configs^ppcls^configs^ImageNet^Distillation^resnet34_distill_resnet18_dkd
###key ppcls^configs^ppcls^configs^ImageNet^Distillation^resnet34_distill_resnet18_mgd
###key ppcls^configs^ppcls^configs^ImageNet^ESNet^ESNet_x0_25
###key ppcls^configs^ppcls^configs^ImageNet^ESNet^ESNet_x0_5
###key ppcls^configs^ppcls^configs^ImageNet^ESNet^ESNet_x0_75
###key ppcls^configs^ppcls^configs^ImageNet^ESNet^ESNet_x1_0
###key ppcls^configs^ppcls^configs^ImageNet^EfficientNet^EfficientNetB0
###key ppcls^configs^ppcls^configs^ImageNet^EfficientNet^EfficientNetB1
###key ppcls^configs^ppcls^configs^ImageNet^EfficientNet^EfficientNetB2
###key ppcls^configs^ppcls^configs^ImageNet^EfficientNet^EfficientNetB3
###key ppcls^configs^ppcls^configs^ImageNet^ReXNet^ReXNet_1_5
###key ppcls^configs^ppcls^configs^ImageNet^ReXNet^ReXNet_2_0
###key ppcls^configs^ppcls^configs^ImageNet^ReXNet^ReXNet_3_0
###key ppcls^configs^ppcls^configs^ImageNet^RedNet^RedNet26
###key ppcls^configs^ppcls^configs^ImageNet^RedNet^RedNet38
###key ppcls^configs^ppcls^configs^ImageNet^RedNet^RedNet50
###key ppcls^configs^ppcls^configs^ImageNet^Res2Net^Res2Net101_vd_26w_4s
###key ppcls^configs^ppcls^configs^ImageNet^Res2Net^Res2Net200_vd_26w_4s
###key ppcls^configs^ppcls^configs^ImageNet^Res2Net^Res2Net50_14w_8s
###key ppcls^configs^ppcls^configs^ImageNet^Res2Net^Res2Net50_26w_4s
###key ppcls^configs^ppcls^configs^ImageNet^Res2Net^Res2Net50_vd_26w_4s
###key ppcls^configs^ppcls^configs^ImageNet^ResNeSt^ResNeSt50
###key ppcls^configs^ppcls^configs^ImageNet^ResNeSt^ResNeSt50_fast_1s1x64d
###key ppcls^configs^ppcls^configs^ImageNet^ResNeXt101_wsl^ResNeXt101_32x16d_wsl
###key ppcls^configs^ppcls^configs^ImageNet^ResNeXt101_wsl^ResNeXt101_32x8d_wsl
###key ppcls^configs^ppcls^configs^ImageNet^ResNeXt^ResNeXt101_32x4d
###key ppcls^configs^ppcls^configs^ImageNet^ResNeXt^ResNeXt101_64x4d
###key ppcls^configs^ppcls^configs^ImageNet^ResNeXt^ResNeXt101_vd_32x4d
###key ppcls^configs^ppcls^configs^ImageNet^ResNeXt^ResNeXt101_vd_64x4d
###key ppcls^configs^ppcls^configs^ImageNet^ResNeXt^ResNeXt152_32x4d
###key ppcls^configs^ppcls^configs^ImageNet^ResNeXt^ResNeXt152_64x4d
###key ppcls^configs^ppcls^configs^ImageNet^ResNeXt^ResNeXt152_vd_32x4d
###key ppcls^configs^ppcls^configs^ImageNet^ResNeXt^ResNeXt152_vd_64x4d
###key ppcls^configs^ppcls^configs^ImageNet^ResNeXt^ResNeXt50_32x4d
###key ppcls^configs^ppcls^configs^ImageNet^ResNeXt^ResNeXt50_64x4d
###key ppcls^configs^ppcls^configs^ImageNet^ResNeXt^ResNeXt50_vd_64x4d
###key ppcls^configs^ppcls^configs^ImageNet^ResNet^ResNet101
###key ppcls^configs^ppcls^configs^ImageNet^ResNet^ResNet101_vd
###key ppcls^configs^ppcls^configs^ImageNet^ResNet^ResNet152
###key ppcls^configs^ppcls^configs^ImageNet^ResNet^ResNet152_vd
###key ppcls^configs^ppcls^configs^ImageNet^ResNet^ResNet18
###key ppcls^configs^ppcls^configs^ImageNet^ResNet^ResNet18_vd
###key ppcls^configs^ppcls^configs^ImageNet^ResNet^ResNet200_vd
###key ppcls^configs^ppcls^configs^ImageNet^ResNet^ResNet34
###key ppcls^configs^ppcls^configs^ImageNet^ResNet^ResNet34_vd
###key ppcls^configs^ppcls^configs^ImageNet^ResNet^ResNet50
###key ppcls^configs^ppcls^configs^ImageNet^ResNet^ResNet50_vd
###key ppcls^configs^ppcls^configs^ImageNet^SENet^SENet154_vd
###key ppcls^configs^ppcls^configs^ImageNet^SENet^SE_ResNeXt101_32x4d
###key ppcls^configs^ppcls^configs^ImageNet^SENet^SE_ResNeXt50_32x4d
###key ppcls^configs^ppcls^configs^ImageNet^SENet^SE_ResNeXt50_vd_32x4d
###key ppcls^configs^ppcls^configs^ImageNet^SENet^SE_ResNet18_vd
###key ppcls^configs^ppcls^configs^ImageNet^SENet^SE_ResNet34_vd
###key ppcls^configs^ppcls^configs^ImageNet^SENet^SE_ResNet50_vd
###key ppcls^configs^ppcls^configs^ImageNet^ShuffleNet^ShuffleNetV2_swish
###key ppcls^configs^ppcls^configs^ImageNet^ShuffleNet^ShuffleNetV2_x0_25
###key ppcls^configs^ppcls^configs^ImageNet^ShuffleNet^ShuffleNetV2_x0_33
###key ppcls^configs^ppcls^configs^ImageNet^ShuffleNet^ShuffleNetV2_x0_5
###key ppcls^configs^ppcls^configs^ImageNet^ShuffleNet^ShuffleNetV2_x1_0
###key ppcls^configs^ppcls^configs^ImageNet^ShuffleNet^ShuffleNetV2_x1_5
###key ppcls^configs^ppcls^configs^ImageNet^ShuffleNet^ShuffleNetV2_x2_0
###key ppcls^configs^ppcls^configs^ImageNet^SqueezeNet^SqueezeNet1_0
###key ppcls^configs^ppcls^configs^ImageNet^SqueezeNet^SqueezeNet1_1
###key ppcls^configs^ppcls^configs^ImageNet^SwinTransformer^SwinTransformer_base_patch4_window7_224
###key ppcls^configs^ppcls^configs^ImageNet^SwinTransformer^SwinTransformer_small_patch4_window7_224
###key ppcls^configs^ppcls^configs^ImageNet^SwinTransformer^SwinTransformer_tiny_patch4_window7_224
###key ppcls^configs^ppcls^configs^ImageNet^TNT^TNT_small
###key ppcls^configs^ppcls^configs^ImageNet^Twins^alt_gvt_base
###key ppcls^configs^ppcls^configs^ImageNet^Twins^alt_gvt_large
###key ppcls^configs^ppcls^configs^ImageNet^Twins^alt_gvt_small
###key ppcls^configs^ppcls^configs^ImageNet^Twins^pcpvt_base
###key ppcls^configs^ppcls^configs^ImageNet^Twins^pcpvt_large
###key ppcls^configs^ppcls^configs^ImageNet^Twins^pcpvt_small
###key ppcls^configs^ppcls^configs^ImageNet^VAN^VAN_B0
###key ppcls^configs^ppcls^configs^ImageNet^VGG^VGG11
###key ppcls^configs^ppcls^configs^ImageNet^VGG^VGG13
###key ppcls^configs^ppcls^configs^ImageNet^VGG^VGG16
###key ppcls^configs^ppcls^configs^ImageNet^VGG^VGG19
###key ppcls^configs^ppcls^configs^ImageNet^VisionTransformer^ViT_base_patch16_224
###key ppcls^configs^ppcls^configs^ImageNet^VisionTransformer^ViT_base_patch16_384
###key ppcls^configs^ppcls^configs^ImageNet^VisionTransformer^ViT_base_patch32_384
###key ppcls^configs^ppcls^configs^ImageNet^VisionTransformer^ViT_large_patch16_224
###key ppcls^configs^ppcls^configs^ImageNet^VisionTransformer^ViT_large_patch32_384
###key ppcls^configs^ppcls^configs^ImageNet^VisionTransformer^ViT_small_patch16_224
###key ppcls^configs^ppcls^configs^ImageNet^Xception^Xception41
###key ppcls^configs^ppcls^configs^ImageNet^Xception^Xception41_deeplab
###key ppcls^configs^ppcls^configs^ImageNet^Xception^Xception65
###key ppcls^configs^ppcls^configs^ImageNet^Xception^Xception65_deeplab
###key ppcls^configs^ppcls^configs^ImageNet^Xception^Xception71
###key ppcls^configs^ppcls^configs^Logo^ResNet50_ReID
###key ppcls^configs^ppcls^configs^PULC^car_exists^MobileNetV3_small_x0_35
###key ppcls^configs^ppcls^configs^PULC^car_exists^PPLCNet_x1_0
###key ppcls^configs^ppcls^configs^PULC^car_exists^PPLCNet_x1_0_distillation
###key ppcls^configs^ppcls^configs^PULC^car_exists^PPLCNet_x1_0_search
###key ppcls^configs^ppcls^configs^PULC^language_classification^MobileNetV3_small_x0_35
###key ppcls^configs^ppcls^configs^PULC^language_classification^PPLCNet_x1_0
###key ppcls^configs^ppcls^configs^PULC^language_classification^PPLCNet_x1_0_distillation
###key ppcls^configs^ppcls^configs^PULC^language_classification^PPLCNet_x1_0_search
###key ppcls^configs^ppcls^configs^PULC^person_attribut^MobileNetV3_small_x0_35
###key ppcls^configs^ppcls^configs^PULC^person_attribut^PPLCNet_x1_0
###key ppcls^configs^ppcls^configs^PULC^person_attribut^PPLCNet_x1_0_Distillation
###key ppcls^configs^ppcls^configs^PULC^person_attribut^PPLCNet_x1_0_search
###key ppcls^configs^ppcls^configs^PULC^person_exists^MobileNetV3_small_x0_35
###key ppcls^configs^ppcls^configs^PULC^person_exists^PPLCNet_x1_0
###key ppcls^configs^ppcls^configs^PULC^person_exists^PPLCNet_x1_0_distillation
###key ppcls^configs^ppcls^configs^PULC^person_exists^PPLCNet_x1_0_search
###key ppcls^configs^ppcls^configs^PULC^safety_helmet^MobileNetV3_small_x0_35
###key ppcls^configs^ppcls^configs^PULC^safety_helmet^PPLCNet_x1_0
###key ppcls^configs^ppcls^configs^PULC^safety_helmet^PPLCNet_x1_0_distillation
###key ppcls^configs^ppcls^configs^PULC^safety_helmet^PPLCNet_x1_0_search
###key ppcls^configs^ppcls^configs^PULC^text_image_orientation^MobileNetV3_small_x0_35
###key ppcls^configs^ppcls^configs^PULC^text_image_orientation^PPLCNet_x1_0
###key ppcls^configs^ppcls^configs^PULC^text_image_orientation^PPLCNet_x1_0_distillation
###key ppcls^configs^ppcls^configs^PULC^text_image_orientation^PPLCNet_x1_0_search
###key ppcls^configs^ppcls^configs^PULC^textline_orientation^MobileNetV3_small_x0_35
###key ppcls^configs^ppcls^configs^PULC^textline_orientation^PPLCNet_x1_0
###key ppcls^configs^ppcls^configs^PULC^textline_orientation^PPLCNet_x1_0_224x224
###key ppcls^configs^ppcls^configs^PULC^textline_orientation^PPLCNet_x1_0_distillation
###key ppcls^configs^ppcls^configs^PULC^textline_orientation^PPLCNet_x1_0_search
###key ppcls^configs^ppcls^configs^PULC^traffic_sign^MobileNetV3_samll_x0_35
###key ppcls^configs^ppcls^configs^PULC^traffic_sign^PPLCNet_x1_0
###key ppcls^configs^ppcls^configs^PULC^traffic_sign^PPLCNet_x1_0_distillation
###key ppcls^configs^ppcls^configs^PULC^traffic_sign^PPLCNet_x1_0_search
###key ppcls^configs^ppcls^configs^PULC^vehicle_attribut^MobileNetV3_small_x0_35
###key ppcls^configs^ppcls^configs^PULC^vehicle_attribut^PPLCNet_x1_0
###key ppcls^configs^ppcls^configs^PULC^vehicle_attribut^PPLCNet_x1_0_distillation
###key ppcls^configs^ppcls^configs^PULC^vehicle_attribut^PPLCNet_x1_0_search
###key ppcls^configs^ppcls^configs^PULC^vehicle_attribut^ResNet50
###key ppcls^configs^ppcls^configs^Products^MV3_Large_1x_Aliproduct_DLBHC
###key ppcls^configs^ppcls^configs^Products^ResNet50_vd_Aliproduct
###key ppcls^configs^ppcls^configs^Products^ResNet50_vd_Inshop
###key ppcls^configs^ppcls^configs^Products^ResNet50_vd_SOP
###key ppcls^configs^ppcls^configs^Vehicle^PPLCNet_2.5x_ReID
###key ppcls^configs^ppcls^configs^Vehicle^ResNet50
###key ppcls^configs^ppcls^configs^Vehicle^ResNet50_ReID
###key ppcls^configs^ppcls^configs^reid^strong_baseline^baseline
###key ppcls^configs^ppcls^configs^reid^strong_baseline^softmax_triplet
###key ppcls^configs^ppcls^configs^reid^strong_baseline^softmax_triplet_with_center
###key ppcls^configs^ppcls^configs^slim^GeneralRecognition_PPLCNet_x2_5_quantization
###key ppcls^configs^ppcls^configs^slim^MobileNetV3_large_x1_0_prune
###key ppcls^configs^ppcls^configs^slim^MobileNetV3_large_x1_0_quantization
###key ppcls^configs^ppcls^configs^slim^PPLCNet_x1_0_quantization
###key ppcls^configs^ppcls^configs^slim^ResNet50_vd_prune
###key ppcls^configs^ppcls^configs^slim^ResNet50_vd_quantization
###key ppcls^configs^ppcls^configs^slim^ResNet50_vehicle_cls_prune
###key ppcls^configs^ppcls^configs^slim^ResNet50_vehicle_cls_quantization
###key ppcls^configs^ppcls^configs^slim^ResNet50_vehicle_reid_prune
###key ppcls^configs^ppcls^configs^slim^ResNet50_vehicle_reid_quantization
###key ppcls^configs^Cartoonface^ResNet50_icartoon
###key ppcls^configs^ppcls^configs^DeepHash^DCH
###key ppcls^configs^ppcls^configs^DeepHash^DSHSD
###key ppcls^configs^ppcls^configs^DeepHash^LCDSH
###key ppcls^configs^ppcls^configs^GeneralRecognitionV2^GeneralRecognitionV2_PPLCNetV2_base
###key ppcls^configs^ppcls^configs^GeneralRecognition^GeneralRecognition_PPLCNet_x2_5
###key ppcls^configs^ppcls^configs^GeneralRecognition^GeneralRecognition_PPLCNet_x2_5_binary
###key ppcls^configs^ppcls^configs^GeneralRecognition^GeneralRecognition_PPLCNet_x2_5_dml
###key ppcls^configs^ppcls^configs^GeneralRecognition^GeneralRecognition_PPLCNet_x2_5_udml
###key ppcls^configs^ppcls^configs^ImageNet^AlexNet^AlexNet
###key ppcls^configs^ppcls^configs^ImageNet^CSPNet^CSPDarkNet53
###key ppcls^configs^ppcls^configs^ImageNet^CSWinTransformer^CSWinTransformer_base_224
###key ppcls^configs^ppcls^configs^ImageNet^CSWinTransformer^CSWinTransformer_base_384
###key ppcls^configs^ppcls^configs^ImageNet^CSWinTransformer^CSWinTransformer_large_224
###key ppcls^configs^ppcls^configs^ImageNet^CSWinTransformer^CSWinTransformer_large_384
###key ppcls^configs^ppcls^configs^ImageNet^CSWinTransformer^CSWinTransformer_small_224
###key ppcls^configs^ppcls^configs^ImageNet^CSWinTransformer^CSWinTransformer_tiny_224
###key ppcls^configs^ppcls^configs^ImageNet^DLA^DLA102
###key ppcls^configs^ppcls^configs^ImageNet^DLA^DLA102x
###key ppcls^configs^ppcls^configs^ImageNet^DLA^DLA102x2
###key ppcls^configs^ppcls^configs^ImageNet^DLA^DLA169
###key ppcls^configs^ppcls^configs^ImageNet^DLA^DLA34
###key ppcls^configs^ppcls^configs^ImageNet^DLA^DLA46_c
###key ppcls^configs^ppcls^configs^ImageNet^DLA^DLA46x_c
###key ppcls^configs^ppcls^configs^ImageNet^DLA^DLA60
###key ppcls^configs^ppcls^configs^ImageNet^DLA^DLA60x
###key ppcls^configs^ppcls^configs^ImageNet^DLA^DLA60x_c
###key ppcls^configs^ppcls^configs^ImageNet^DPN^DPN107
###key ppcls^configs^ppcls^configs^ImageNet^DPN^DPN131
###key ppcls^configs^ppcls^configs^ImageNet^DPN^DPN68
###key ppcls^configs^ppcls^configs^ImageNet^DPN^DPN92
###key ppcls^configs^ppcls^configs^ImageNet^DPN^DPN98
###key ppcls^configs^ppcls^configs^ImageNet^DarkNet^DarkNet53
###key ppcls^configs^ppcls^configs^ImageNet^DataAugment^ResNet50_AutoAugment
###key ppcls^configs^ppcls^configs^ImageNet^DataAugment^ResNet50_Baseline
###key ppcls^configs^ppcls^configs^ImageNet^DataAugment^ResNet50_Cutmix
###key ppcls^configs^ppcls^configs^ImageNet^DataAugment^ResNet50_Cutout
###key ppcls^configs^ppcls^configs^ImageNet^DataAugment^ResNet50_GridMask
###key ppcls^configs^ppcls^configs^ImageNet^DataAugment^ResNet50_HideAndSeek
###key ppcls^configs^ppcls^configs^ImageNet^DataAugment^ResNet50_Mixup
###key ppcls^configs^ppcls^configs^ImageNet^DataAugment^ResNet50_RandAugment
###key ppcls^configs^ppcls^configs^ImageNet^DataAugment^ResNet50_RandomErasing
###key ppcls^configs^ppcls^configs^ImageNet^DeiT^DeiT_small_distilled_patch16_224
###key ppcls^configs^ppcls^configs^ImageNet^DeiT^DeiT_small_patch16_224
###key ppcls^configs^ppcls^configs^ImageNet^DeiT^DeiT_tiny_distilled_patch16_224
###key ppcls^configs^ppcls^configs^ImageNet^DeiT^DeiT_tiny_patch16_224
###key ppcls^configs^ppcls^configs^ImageNet^DenseNet^DenseNet121
###key ppcls^configs^ppcls^configs^ImageNet^DenseNet^DenseNet161
###key ppcls^configs^ppcls^configs^ImageNet^DenseNet^DenseNet169
###key ppcls^configs^ppcls^configs^ImageNet^DenseNet^DenseNet201
###key ppcls^configs^ppcls^configs^ImageNet^DenseNet^DenseNet264
###key ppcls^configs^ppcls^configs^ImageNet^Distillation^PPLCNet_x2_5_dml
###key ppcls^configs^ppcls^configs^ImageNet^Distillation^PPLCNet_x2_5_ssld
###key ppcls^configs^ppcls^configs^ImageNet^Distillation^PPLCNet_x2_5_udml
###key ppcls^configs^ppcls^configs^ImageNet^Distillation^mv3_large_x1_0_distill_mv3_small_x1_0
###key ppcls^configs^ppcls^configs^ImageNet^Distillation^res2net200_vd_distill_pphgnet_base
###key ppcls^configs^ppcls^configs^ImageNet^Distillation^resnet34_distill_resnet18_afd
###key ppcls^configs^ppcls^configs^ImageNet^Distillation^resnet34_distill_resnet18_dist
###key ppcls^configs^ppcls^configs^ImageNet^Distillation^resnet34_distill_resnet18_dkd
###key ppcls^configs^ppcls^configs^ImageNet^Distillation^resnet34_distill_resnet18_mgd
###key ppcls^configs^ppcls^configs^ImageNet^ESNet^ESNet_x0_25
###key ppcls^configs^ppcls^configs^ImageNet^ESNet^ESNet_x0_5
###key ppcls^configs^ppcls^configs^ImageNet^ESNet^ESNet_x0_75
###key ppcls^configs^ppcls^configs^ImageNet^ESNet^ESNet_x1_0
###key ppcls^configs^ppcls^configs^ImageNet^EfficientNet^EfficientNetB0
###key ppcls^configs^ppcls^configs^ImageNet^EfficientNet^EfficientNetB1
###key ppcls^configs^ppcls^configs^ImageNet^EfficientNet^EfficientNetB2
###key ppcls^configs^ppcls^configs^ImageNet^EfficientNet^EfficientNetB3
###key ppcls^configs^ppcls^configs^ImageNet^ReXNet^ReXNet_1_5
###key ppcls^configs^ppcls^configs^ImageNet^ReXNet^ReXNet_2_0
###key ppcls^configs^ppcls^configs^ImageNet^ReXNet^ReXNet_3_0
###key ppcls^configs^ppcls^configs^ImageNet^RedNet^RedNet26
###key ppcls^configs^ppcls^configs^ImageNet^RedNet^RedNet38
###key ppcls^configs^ppcls^configs^ImageNet^RedNet^RedNet50
###key ppcls^configs^ppcls^configs^ImageNet^Res2Net^Res2Net101_vd_26w_4s
###key ppcls^configs^ppcls^configs^ImageNet^Res2Net^Res2Net200_vd_26w_4s
###key ppcls^configs^ppcls^configs^ImageNet^Res2Net^Res2Net50_14w_8s
###key ppcls^configs^ppcls^configs^ImageNet^Res2Net^Res2Net50_26w_4s
###key ppcls^configs^ppcls^configs^ImageNet^Res2Net^Res2Net50_vd_26w_4s
###key ppcls^configs^ppcls^configs^ImageNet^ResNeSt^ResNeSt50
###key ppcls^configs^ppcls^configs^ImageNet^ResNeSt^ResNeSt50_fast_1s1x64d
###key ppcls^configs^ppcls^configs^ImageNet^ResNeXt101_wsl^ResNeXt101_32x16d_wsl
###key ppcls^configs^ppcls^configs^ImageNet^ResNeXt101_wsl^ResNeXt101_32x8d_wsl
###key ppcls^configs^ppcls^configs^ImageNet^ResNeXt^ResNeXt101_32x4d
###key ppcls^configs^ppcls^configs^ImageNet^ResNeXt^ResNeXt101_64x4d
###key ppcls^configs^ppcls^configs^ImageNet^ResNeXt^ResNeXt101_vd_32x4d
###key ppcls^configs^ppcls^configs^ImageNet^ResNeXt^ResNeXt101_vd_64x4d
###key ppcls^configs^ppcls^configs^ImageNet^ResNeXt^ResNeXt152_32x4d
###key ppcls^configs^ppcls^configs^ImageNet^ResNeXt^ResNeXt152_64x4d
###key ppcls^configs^ppcls^configs^ImageNet^ResNeXt^ResNeXt152_vd_32x4d
###key ppcls^configs^ppcls^configs^ImageNet^ResNeXt^ResNeXt152_vd_64x4d
###key ppcls^configs^ppcls^configs^ImageNet^ResNeXt^ResNeXt50_32x4d
###key ppcls^configs^ppcls^configs^ImageNet^ResNeXt^ResNeXt50_64x4d
###key ppcls^configs^ppcls^configs^ImageNet^ResNeXt^ResNeXt50_vd_64x4d
###key ppcls^configs^ppcls^configs^ImageNet^ResNet^ResNet101
###key ppcls^configs^ppcls^configs^ImageNet^ResNet^ResNet101_vd
###key ppcls^configs^ppcls^configs^ImageNet^ResNet^ResNet152
###key ppcls^configs^ppcls^configs^ImageNet^ResNet^ResNet152_vd
###key ppcls^configs^ppcls^configs^ImageNet^ResNet^ResNet18
###key ppcls^configs^ppcls^configs^ImageNet^ResNet^ResNet18_vd
###key ppcls^configs^ppcls^configs^ImageNet^ResNet^ResNet200_vd
###key ppcls^configs^ppcls^configs^ImageNet^ResNet^ResNet34
###key ppcls^configs^ppcls^configs^ImageNet^ResNet^ResNet34_vd
###key ppcls^configs^ppcls^configs^ImageNet^ResNet^ResNet50
###key ppcls^configs^ppcls^configs^ImageNet^ResNet^ResNet50_vd
###key ppcls^configs^ppcls^configs^ImageNet^SENet^SENet154_vd
###key ppcls^configs^ppcls^configs^ImageNet^SENet^SE_ResNeXt101_32x4d
###key ppcls^configs^ppcls^configs^ImageNet^SENet^SE_ResNeXt50_32x4d
###key ppcls^configs^ppcls^configs^ImageNet^SENet^SE_ResNeXt50_vd_32x4d
###key ppcls^configs^ppcls^configs^ImageNet^SENet^SE_ResNet18_vd
###key ppcls^configs^ppcls^configs^ImageNet^SENet^SE_ResNet34_vd
###key ppcls^configs^ppcls^configs^ImageNet^SENet^SE_ResNet50_vd
###key ppcls^configs^ppcls^configs^ImageNet^ShuffleNet^ShuffleNetV2_swish
###key ppcls^configs^ppcls^configs^ImageNet^ShuffleNet^ShuffleNetV2_x0_25
###key ppcls^configs^ppcls^configs^ImageNet^ShuffleNet^ShuffleNetV2_x0_33
###key ppcls^configs^ppcls^configs^ImageNet^ShuffleNet^ShuffleNetV2_x0_5
###key ppcls^configs^ppcls^configs^ImageNet^ShuffleNet^ShuffleNetV2_x1_0
###key ppcls^configs^ppcls^configs^ImageNet^ShuffleNet^ShuffleNetV2_x1_5
###key ppcls^configs^ppcls^configs^ImageNet^ShuffleNet^ShuffleNetV2_x2_0
###key ppcls^configs^ppcls^configs^ImageNet^SqueezeNet^SqueezeNet1_0
###key ppcls^configs^ppcls^configs^ImageNet^SqueezeNet^SqueezeNet1_1
###key ppcls^configs^ppcls^configs^ImageNet^SwinTransformer^SwinTransformer_base_patch4_window7_224
###key ppcls^configs^ppcls^configs^ImageNet^SwinTransformer^SwinTransformer_small_patch4_window7_224
###key ppcls^configs^ppcls^configs^ImageNet^SwinTransformer^SwinTransformer_tiny_patch4_window7_224
###key ppcls^configs^ppcls^configs^ImageNet^TNT^TNT_small
###key ppcls^configs^ppcls^configs^ImageNet^Twins^alt_gvt_base
###key ppcls^configs^ppcls^configs^ImageNet^Twins^alt_gvt_large
###key ppcls^configs^ppcls^configs^ImageNet^Twins^alt_gvt_small
###key ppcls^configs^ppcls^configs^ImageNet^Twins^pcpvt_base
###key ppcls^configs^ppcls^configs^ImageNet^Twins^pcpvt_large
###key ppcls^configs^ppcls^configs^ImageNet^Twins^pcpvt_small
###key ppcls^configs^ppcls^configs^ImageNet^VAN^VAN_B0
###key ppcls^configs^ppcls^configs^ImageNet^VGG^VGG11
###key ppcls^configs^ppcls^configs^ImageNet^VGG^VGG13
###key ppcls^configs^ppcls^configs^ImageNet^VGG^VGG16
###key ppcls^configs^ppcls^configs^ImageNet^VGG^VGG19
###key ppcls^configs^ppcls^configs^ImageNet^VisionTransformer^ViT_base_patch16_224
###key ppcls^configs^ppcls^configs^ImageNet^VisionTransformer^ViT_base_patch16_384
###key ppcls^configs^ppcls^configs^ImageNet^VisionTransformer^ViT_base_patch32_384
###key ppcls^configs^ppcls^configs^ImageNet^VisionTransformer^ViT_large_patch16_224
###key ppcls^configs^ppcls^configs^ImageNet^VisionTransformer^ViT_large_patch32_384
###key ppcls^configs^ppcls^configs^ImageNet^VisionTransformer^ViT_small_patch16_224
###key ppcls^configs^ppcls^configs^ImageNet^Xception^Xception41
###key ppcls^configs^ppcls^configs^ImageNet^Xception^Xception41_deeplab
###key ppcls^configs^ppcls^configs^ImageNet^Xception^Xception65
###key ppcls^configs^ppcls^configs^ImageNet^Xception^Xception65_deeplab
###key ppcls^configs^ppcls^configs^ImageNet^Xception^Xception71
###key ppcls^configs^ppcls^configs^Logo^ResNet50_ReID
###key ppcls^configs^ppcls^configs^PULC^car_exists^MobileNetV3_small_x0_35
###key ppcls^configs^ppcls^configs^PULC^car_exists^PPLCNet_x1_0
###key ppcls^configs^ppcls^configs^PULC^car_exists^PPLCNet_x1_0_distillation
###key ppcls^configs^ppcls^configs^PULC^car_exists^PPLCNet_x1_0_search
###key ppcls^configs^ppcls^configs^PULC^language_classification^MobileNetV3_small_x0_35
###key ppcls^configs^ppcls^configs^PULC^language_classification^PPLCNet_x1_0
###key ppcls^configs^ppcls^configs^PULC^language_classification^PPLCNet_x1_0_distillation
###key ppcls^configs^ppcls^configs^PULC^language_classification^PPLCNet_x1_0_search
###key ppcls^configs^ppcls^configs^PULC^person_attribut^MobileNetV3_small_x0_35
###key ppcls^configs^ppcls^configs^PULC^person_attribut^PPLCNet_x1_0
###key ppcls^configs^ppcls^configs^PULC^person_attribut^PPLCNet_x1_0_Distillation
###key ppcls^configs^ppcls^configs^PULC^person_attribut^PPLCNet_x1_0_search
###key ppcls^configs^ppcls^configs^PULC^person_exists^MobileNetV3_small_x0_35
###key ppcls^configs^ppcls^configs^PULC^person_exists^PPLCNet_x1_0
###key ppcls^configs^ppcls^configs^PULC^person_exists^PPLCNet_x1_0_distillation
###key ppcls^configs^ppcls^configs^PULC^person_exists^PPLCNet_x1_0_search
###key ppcls^configs^ppcls^configs^PULC^safety_helmet^MobileNetV3_small_x0_35
###key ppcls^configs^ppcls^configs^PULC^safety_helmet^PPLCNet_x1_0
###key ppcls^configs^ppcls^configs^PULC^safety_helmet^PPLCNet_x1_0_distillation
###key ppcls^configs^ppcls^configs^PULC^safety_helmet^PPLCNet_x1_0_search
###key ppcls^configs^ppcls^configs^PULC^text_image_orientation^MobileNetV3_small_x0_35
###key ppcls^configs^ppcls^configs^PULC^text_image_orientation^PPLCNet_x1_0
###key ppcls^configs^ppcls^configs^PULC^text_image_orientation^PPLCNet_x1_0_distillation
###key ppcls^configs^ppcls^configs^PULC^text_image_orientation^PPLCNet_x1_0_search
###key ppcls^configs^ppcls^configs^PULC^textline_orientation^MobileNetV3_small_x0_35
###key ppcls^configs^ppcls^configs^PULC^textline_orientation^PPLCNet_x1_0
###key ppcls^configs^ppcls^configs^PULC^textline_orientation^PPLCNet_x1_0_224x224
###key ppcls^configs^ppcls^configs^PULC^textline_orientation^PPLCNet_x1_0_distillation
###key ppcls^configs^ppcls^configs^PULC^textline_orientation^PPLCNet_x1_0_search
###key ppcls^configs^ppcls^configs^PULC^traffic_sign^MobileNetV3_samll_x0_35
###key ppcls^configs^ppcls^configs^PULC^traffic_sign^PPLCNet_x1_0
###key ppcls^configs^ppcls^configs^PULC^traffic_sign^PPLCNet_x1_0_distillation
###key ppcls^configs^ppcls^configs^PULC^traffic_sign^PPLCNet_x1_0_search
###key ppcls^configs^ppcls^configs^PULC^vehicle_attribut^MobileNetV3_small_x0_35
###key ppcls^configs^ppcls^configs^PULC^vehicle_attribut^PPLCNet_x1_0
###key ppcls^configs^ppcls^configs^PULC^vehicle_attribut^PPLCNet_x1_0_distillation
###key ppcls^configs^ppcls^configs^PULC^vehicle_attribut^PPLCNet_x1_0_search
###key ppcls^configs^ppcls^configs^PULC^vehicle_attribut^ResNet50
###key ppcls^configs^ppcls^configs^Products^MV3_Large_1x_Aliproduct_DLBHC
###key ppcls^configs^ppcls^configs^Products^ResNet50_vd_Aliproduct
###key ppcls^configs^ppcls^configs^Products^ResNet50_vd_Inshop
###key ppcls^configs^ppcls^configs^Products^ResNet50_vd_SOP
###key ppcls^configs^ppcls^configs^Vehicle^PPLCNet_2.5x_ReID
###key ppcls^configs^ppcls^configs^Vehicle^ResNet50
###key ppcls^configs^ppcls^configs^Vehicle^ResNet50_ReID
###key ppcls^configs^ppcls^configs^reid^strong_baseline^baseline
###key ppcls^configs^ppcls^configs^reid^strong_baseline^softmax_triplet
###key ppcls^configs^ppcls^configs^reid^strong_baseline^softmax_triplet_with_center
###key ppcls^configs^ppcls^configs^slim^GeneralRecognition_PPLCNet_x2_5_quantization
###key ppcls^configs^ppcls^configs^slim^MobileNetV3_large_x1_0_prune
###key ppcls^configs^ppcls^configs^slim^MobileNetV3_large_x1_0_quantization
###key ppcls^configs^ppcls^configs^slim^PPLCNet_x1_0_quantization
###key ppcls^configs^ppcls^configs^slim^ResNet50_vd_prune
###key ppcls^configs^ppcls^configs^slim^ResNet50_vd_quantization
###key ppcls^configs^ppcls^configs^slim^ResNet50_vehicle_cls_prune
###key ppcls^configs^ppcls^configs^slim^ResNet50_vehicle_cls_quantization
###key ppcls^configs^ppcls^configs^slim^ResNet50_vehicle_reid_prune
###key ppcls^configs^ppcls^configs^slim^ResNet50_vehicle_reid_quantization
###key ppcls^configs^Cartoonface^ResNet50_icartoon
###key ppcls^configs^ppcls^configs^DeepHash^DCH
###key ppcls^configs^ppcls^configs^DeepHash^DSHSD
###key ppcls^configs^ppcls^configs^DeepHash^LCDSH
###key ppcls^configs^ppcls^configs^GeneralRecognitionV2^GeneralRecognitionV2_PPLCNetV2_base
###key ppcls^configs^ppcls^configs^GeneralRecognition^GeneralRecognition_PPLCNet_x2_5
###key ppcls^configs^ppcls^configs^GeneralRecognition^GeneralRecognition_PPLCNet_x2_5_binary
###key ppcls^configs^ppcls^configs^GeneralRecognition^GeneralRecognition_PPLCNet_x2_5_dml
###key ppcls^configs^ppcls^configs^GeneralRecognition^GeneralRecognition_PPLCNet_x2_5_udml
###key ppcls^configs^ppcls^configs^ImageNet^AlexNet^AlexNet
###key ppcls^configs^ppcls^configs^ImageNet^CSPNet^CSPDarkNet53
###key ppcls^configs^ppcls^configs^ImageNet^CSWinTransformer^CSWinTransformer_base_224
###key ppcls^configs^ppcls^configs^ImageNet^CSWinTransformer^CSWinTransformer_base_384
###key ppcls^configs^ppcls^configs^ImageNet^CSWinTransformer^CSWinTransformer_large_224
###key ppcls^configs^ppcls^configs^ImageNet^CSWinTransformer^CSWinTransformer_large_384
###key ppcls^configs^ppcls^configs^ImageNet^CSWinTransformer^CSWinTransformer_small_224
###key ppcls^configs^ppcls^configs^ImageNet^CSWinTransformer^CSWinTransformer_tiny_224
###key ppcls^configs^ppcls^configs^ImageNet^DLA^DLA102
###key ppcls^configs^ppcls^configs^ImageNet^DLA^DLA102x
###key ppcls^configs^ppcls^configs^ImageNet^DLA^DLA102x2
###key ppcls^configs^ppcls^configs^ImageNet^DLA^DLA169
###key ppcls^configs^ppcls^configs^ImageNet^DLA^DLA34
###key ppcls^configs^ppcls^configs^ImageNet^DLA^DLA46_c
###key ppcls^configs^ppcls^configs^ImageNet^DLA^DLA46x_c
###key ppcls^configs^ppcls^configs^ImageNet^DLA^DLA60
###key ppcls^configs^ppcls^configs^ImageNet^DLA^DLA60x
###key ppcls^configs^ppcls^configs^ImageNet^DLA^DLA60x_c
###key ppcls^configs^ppcls^configs^ImageNet^DPN^DPN107
###key ppcls^configs^ppcls^configs^ImageNet^DPN^DPN131
###key ppcls^configs^ppcls^configs^ImageNet^DPN^DPN68
###key ppcls^configs^ppcls^configs^ImageNet^DPN^DPN92
###key ppcls^configs^ppcls^configs^ImageNet^DPN^DPN98
###key ppcls^configs^ppcls^configs^ImageNet^DarkNet^DarkNet53
###key ppcls^configs^ppcls^configs^ImageNet^DataAugment^ResNet50_AutoAugment
###key ppcls^configs^ppcls^configs^ImageNet^DataAugment^ResNet50_Baseline
###key ppcls^configs^ppcls^configs^ImageNet^DataAugment^ResNet50_Cutmix
###key ppcls^configs^ppcls^configs^ImageNet^DataAugment^ResNet50_Cutout
###key ppcls^configs^ppcls^configs^ImageNet^DataAugment^ResNet50_GridMask
###key ppcls^configs^ppcls^configs^ImageNet^DataAugment^ResNet50_HideAndSeek
###key ppcls^configs^ppcls^configs^ImageNet^DataAugment^ResNet50_Mixup
###key ppcls^configs^ppcls^configs^ImageNet^DataAugment^ResNet50_RandAugment
###key ppcls^configs^ppcls^configs^ImageNet^DataAugment^ResNet50_RandomErasing
###key ppcls^configs^ppcls^configs^ImageNet^DeiT^DeiT_small_distilled_patch16_224
###key ppcls^configs^ppcls^configs^ImageNet^DeiT^DeiT_small_patch16_224
###key ppcls^configs^ppcls^configs^ImageNet^DeiT^DeiT_tiny_distilled_patch16_224
###key ppcls^configs^ppcls^configs^ImageNet^DeiT^DeiT_tiny_patch16_224
###key ppcls^configs^ppcls^configs^ImageNet^DenseNet^DenseNet121
###key ppcls^configs^ppcls^configs^ImageNet^DenseNet^DenseNet161
###key ppcls^configs^ppcls^configs^ImageNet^DenseNet^DenseNet169
###key ppcls^configs^ppcls^configs^ImageNet^DenseNet^DenseNet201
###key ppcls^configs^ppcls^configs^ImageNet^DenseNet^DenseNet264
###key ppcls^configs^ppcls^configs^ImageNet^Distillation^PPLCNet_x2_5_dml
###key ppcls^configs^ppcls^configs^ImageNet^Distillation^PPLCNet_x2_5_ssld
###key ppcls^configs^ppcls^configs^ImageNet^Distillation^PPLCNet_x2_5_udml
###key ppcls^configs^ppcls^configs^ImageNet^Distillation^mv3_large_x1_0_distill_mv3_small_x1_0
###key ppcls^configs^ppcls^configs^ImageNet^Distillation^res2net200_vd_distill_pphgnet_base
###key ppcls^configs^ppcls^configs^ImageNet^Distillation^resnet34_distill_resnet18_afd
###key ppcls^configs^ppcls^configs^ImageNet^Distillation^resnet34_distill_resnet18_dist
###key ppcls^configs^ppcls^configs^ImageNet^Distillation^resnet34_distill_resnet18_dkd
###key ppcls^configs^ppcls^configs^ImageNet^Distillation^resnet34_distill_resnet18_mgd
###key ppcls^configs^ppcls^configs^ImageNet^ESNet^ESNet_x0_25
###key ppcls^configs^ppcls^configs^ImageNet^ESNet^ESNet_x0_5
###key ppcls^configs^ppcls^configs^ImageNet^ESNet^ESNet_x0_75
###key ppcls^configs^ppcls^configs^ImageNet^ESNet^ESNet_x1_0
###key ppcls^configs^ppcls^configs^ImageNet^EfficientNet^EfficientNetB0
478
